<?xml version="1.0" encoding="UTF-8"?>
<!-- Generated by org.testng.reporters.JUnitReportReporter -->
<testsuite hostname="DESKTOP-FB2K8DO" failures="0" tests="1" name="com.TestCase.TC_Login_Page_Objectes" time="2.080" errors="0" timestamp="2021-11-10T18:58:29 IST" skipped="0">
  <testcase classname="com.TestCase.TC_Login_Page_Objectes" name="Loginpage" time="2.080"/>
  <system-out/>
</testsuite> <!-- com.TestCase.TC_Login_Page_Objectes -->
